Using pre-set license
Built from '2020.3/staging' branch; Version is '2020.3.11f1 (99c7afb366b3) revision 10078127'; Using compiler version '192528614'; Build Type 'Release'
OS: 'Windows 10 Home; OS build 19042.985; Version 2009; 64bit' Language: 'pl' Physical Memory: 8044 MB
BatchMode: 1, IsHumanControllingUs: 0, StartBugReporterOnCrash: 0, Is64bit: 1, IsPro: 0

 COMMAND LINE ARGUMENTS:
C:\Program Files\Unity\Hub\Editor\2020.3.11f1\Editor\Unity.exe
-adb2
-batchMode
-noUpm
-name
AssetImportWorker1
-projectPath
C:/unity repos/PGA_Recruitment/PGARecruitment
-logFile
Logs/AssetImportWorker1.log
-srvPort
51000
Successfully changed project path to: C:/unity repos/PGA_Recruitment/PGARecruitment
C:/unity repos/PGA_Recruitment/PGARecruitment
Using Asset Import Pipeline V2.
Refreshing native plugins compatible for Editor in 250.09 ms, found 2 plugins.
Preloading 0 native plugins for Editor in 0.00 ms.
Initialize engine version: 2020.3.11f1 (99c7afb366b3)
[Subsystems] Discovering subsystems at path C:/Program Files/Unity/Hub/Editor/2020.3.11f1/Editor/Data/Resources/UnitySubsystems
[Subsystems] Discovering subsystems at path C:/unity repos/PGA_Recruitment/PGARecruitment/Assets
GfxDevice: creating device client; threaded=0
Direct3D:
    Version:  Direct3D 11.0 [level 11.1]
    Renderer: NVIDIA GeForce GTX 1050 (ID=0x1c8d)
    Vendor:   
    VRAM:     4019 MB
    Driver:   27.21.14.6230
Shader 'Universal Render Pipeline/Particles/Lit': fallback shader 'Universal Render Pipeline/Particles/SimpleLit' not found
Initialize mono
Mono path[0] = 'C:/Program Files/Unity/Hub/Editor/2020.3.11f1/Editor/Data/Managed'
Mono path[1] = 'C:/Program Files/Unity/Hub/Editor/2020.3.11f1/Editor/Data/MonoBleedingEdge/lib/mono/unityjit'
Mono config path = 'C:/Program Files/Unity/Hub/Editor/2020.3.11f1/Editor/Data/MonoBleedingEdge/etc'
Using monoOptions --debugger-agent=transport=dt_socket,embedding=1,server=y,suspend=n,address=127.0.0.1:56032
Begin MonoManager ReloadAssembly
Registering precompiled unity dll's ...
Register platform support module: C:/Program Files/Unity/Hub/Editor/2020.3.11f1/Editor/Data/PlaybackEngines/WebGLSupport/UnityEditor.WebGL.Extensions.dll
Register platform support module: C:/Program Files/Unity/Hub/Editor/2020.3.11f1/Editor/Data/PlaybackEngines/WindowsStandaloneSupport/UnityEditor.WindowsStandalone.Extensions.dll
Registered in 0.003202 seconds.
Native extension for WindowsStandalone target not found
Native extension for WebGL target not found
Refreshing native plugins compatible for Editor in 64.49 ms, found 2 plugins.
Preloading 0 native plugins for Editor in 0.00 ms.
Mono: successfully reloaded assembly
- Completed reload, in  1.899 seconds
Platform modules already initialized, skipping
Registering precompiled user dll's ...
Registered in 0.005945 seconds.
Begin MonoManager ReloadAssembly
Native extension for WindowsStandalone target not found
Native extension for WebGL target not found
Refreshing native plugins compatible for Editor in 68.84 ms, found 2 plugins.
Preloading 0 native plugins for Editor in 0.00 ms.
Mono: successfully reloaded assembly
- Completed reload, in  1.746 seconds
Platform modules already initialized, skipping
========================================================================
Worker process is ready to serve import requests
Shader 'Universal Render Pipeline/Particles/Lit': fallback shader 'Universal Render Pipeline/Particles/SimpleLit' not found
Launched and connected shader compiler UnityShaderCompiler.exe after 0.09 seconds
Refreshing native plugins compatible for Editor in 0.60 ms, found 2 plugins.
Preloading 0 native plugins for Editor in 0.00 ms.
Unloading 2778 Unused Serialized files (Serialized files now loaded: 0)
System memory in use before: 127.4 MB.
System memory in use after: 127.6 MB.

Unloading 19 unused Assets to reduce memory usage. Loaded Objects now: 3213.
Total: 3.905100 ms (FindLiveObjects: 0.483400 ms CreateObjectMapping: 0.207400 ms MarkObjects: 3.072900 ms  DeleteObjects: 0.137400 ms)

========================================================================
Received Import Request.
  path: Assets/Objects/Prefabs/RoomParts/Chest.prefab
  artifactKey: Guid(4f5619d6eb2187e45aa8b28e4b52a50c) Importer(815301076,1909f56bfc062723c751e8b465ee728b)
Start importing Assets/Objects/Prefabs/RoomParts/Chest.prefab using Guid(4f5619d6eb2187e45aa8b28e4b52a50c) Importer(815301076,1909f56bfc062723c751e8b465ee728b)  -> (artifact id: 'ffaf4533f223b844ec6c48c72e2aaf39') in 0.762256 seconds
  Import took 0.770307 seconds .

========================================================================
Received Import Request.
  Time since last request: 71.333470 seconds.
  path: Packages/com.unity.render-pipelines.universal/Runtime/Materials/ParticlesUnlit.mat
  artifactKey: Guid(e823cd5b5d27c0f4b8256e7c12ee3e6d) Importer(815301076,1909f56bfc062723c751e8b465ee728b)
Start importing Packages/com.unity.render-pipelines.universal/Runtime/Materials/ParticlesUnlit.mat using Guid(e823cd5b5d27c0f4b8256e7c12ee3e6d) Importer(815301076,1909f56bfc062723c751e8b465ee728b)  -> (artifact id: 'a6d3bac30e0c3da08768836858914317') in 0.168084 seconds
  Import took 0.179419 seconds .

========================================================================
Received Import Request.
  Time since last request: 0.092348 seconds.
  path: Assets/Objects/Prefabs/RoomParts/lamp.prefab
  artifactKey: Guid(c75e7032c656ebf46b8f05aab04623b1) Importer(815301076,1909f56bfc062723c751e8b465ee728b)
Start importing Assets/Objects/Prefabs/RoomParts/lamp.prefab using Guid(c75e7032c656ebf46b8f05aab04623b1) Importer(815301076,1909f56bfc062723c751e8b465ee728b)  -> (artifact id: '1bf688bb056e213e6d5d99ece737bfa8') in 0.073132 seconds
  Import took 0.082239 seconds .

========================================================================
Received Import Request.
  Time since last request: 14.913171 seconds.
  path: Assets/Objects/Prefabs/RoomParts/lamp.prefab
  artifactKey: Guid(c75e7032c656ebf46b8f05aab04623b1) Importer(815301076,1909f56bfc062723c751e8b465ee728b)
Start importing Assets/Objects/Prefabs/RoomParts/lamp.prefab using Guid(c75e7032c656ebf46b8f05aab04623b1) Importer(815301076,1909f56bfc062723c751e8b465ee728b)  -> (artifact id: '39179d6a66a7e51512de4ecc651a8dca') in 0.050428 seconds
  Import took 0.172884 seconds .

========================================================================
Received Import Request.
  Time since last request: 10.498816 seconds.
  path: Assets/Objects/Prefabs/RoomParts/lamp.prefab
  artifactKey: Guid(c75e7032c656ebf46b8f05aab04623b1) Importer(815301076,1909f56bfc062723c751e8b465ee728b)
Start importing Assets/Objects/Prefabs/RoomParts/lamp.prefab using Guid(c75e7032c656ebf46b8f05aab04623b1) Importer(815301076,1909f56bfc062723c751e8b465ee728b)  -> (artifact id: '2a0f43a8ad9ac7e6a03f346ffe5d3811') in 0.082714 seconds
  Import took 0.134227 seconds .

========================================================================
Received Import Request.
  Time since last request: 35.025916 seconds.
  path: Assets/Objects/Prefabs/RoomParts/lamp.prefab
  artifactKey: Guid(c75e7032c656ebf46b8f05aab04623b1) Importer(815301076,1909f56bfc062723c751e8b465ee728b)
Start importing Assets/Objects/Prefabs/RoomParts/lamp.prefab using Guid(c75e7032c656ebf46b8f05aab04623b1) Importer(815301076,1909f56bfc062723c751e8b465ee728b)  -> (artifact id: '37ce51a5a2c0903596779588942696fd') in 0.046504 seconds
  Import took 0.091868 seconds .

========================================================================
Received Import Request.
  Time since last request: 4.443861 seconds.
  path: Assets/Objects/Prefabs/RoomParts/lamp.prefab
  artifactKey: Guid(c75e7032c656ebf46b8f05aab04623b1) Importer(815301076,1909f56bfc062723c751e8b465ee728b)
Start importing Assets/Objects/Prefabs/RoomParts/lamp.prefab using Guid(c75e7032c656ebf46b8f05aab04623b1) Importer(815301076,1909f56bfc062723c751e8b465ee728b)  -> (artifact id: 'c548d36ec9583bd4de94104f1712f1a1') in 0.187250 seconds
  Import took 0.196592 seconds .

========================================================================
Received Import Request.
  Time since last request: 19.102940 seconds.
  path: Assets/Objects/Prefabs/RoomParts/lamp.prefab
  artifactKey: Guid(c75e7032c656ebf46b8f05aab04623b1) Importer(815301076,1909f56bfc062723c751e8b465ee728b)
Start importing Assets/Objects/Prefabs/RoomParts/lamp.prefab using Guid(c75e7032c656ebf46b8f05aab04623b1) Importer(815301076,1909f56bfc062723c751e8b465ee728b)  -> (artifact id: 'fa9073248152a564b6b981219b5a02b2') in 0.060537 seconds
  Import took 0.130100 seconds .

========================================================================
Received Import Request.
  Time since last request: 43.653933 seconds.
  path: Assets/Objects/Prefabs/RoomParts/lamp.prefab
  artifactKey: Guid(c75e7032c656ebf46b8f05aab04623b1) Importer(815301076,1909f56bfc062723c751e8b465ee728b)
Start importing Assets/Objects/Prefabs/RoomParts/lamp.prefab using Guid(c75e7032c656ebf46b8f05aab04623b1) Importer(815301076,1909f56bfc062723c751e8b465ee728b)  -> (artifact id: '66716c3ea248b493f89ba3edb6c11809') in 0.049318 seconds
  Import took 0.224081 seconds .

========================================================================
Received Import Request.
  Time since last request: 22.470756 seconds.
  path: Assets/Objects/Prefabs/RoomParts/lamp.prefab
  artifactKey: Guid(c75e7032c656ebf46b8f05aab04623b1) Importer(815301076,1909f56bfc062723c751e8b465ee728b)
Start importing Assets/Objects/Prefabs/RoomParts/lamp.prefab using Guid(c75e7032c656ebf46b8f05aab04623b1) Importer(815301076,1909f56bfc062723c751e8b465ee728b)  -> (artifact id: '26f08322cc330402faccfe2fb5ec5e65') in 0.046039 seconds
  Import took 0.072663 seconds .

========================================================================
Received Import Request.
  Time since last request: 4.872078 seconds.
  path: Assets/Objects/Prefabs/RoomParts/lamp.prefab
  artifactKey: Guid(c75e7032c656ebf46b8f05aab04623b1) Importer(815301076,1909f56bfc062723c751e8b465ee728b)
Start importing Assets/Objects/Prefabs/RoomParts/lamp.prefab using Guid(c75e7032c656ebf46b8f05aab04623b1) Importer(815301076,1909f56bfc062723c751e8b465ee728b)  -> (artifact id: '14218408d038e6e2bc0e6c8752d7916a') in 0.038958 seconds
  Import took 0.052615 seconds .

========================================================================
Received Import Request.
  Time since last request: 1.549277 seconds.
  path: Assets/Objects/Prefabs/RoomParts/lamp.prefab
  artifactKey: Guid(c75e7032c656ebf46b8f05aab04623b1) Importer(815301076,1909f56bfc062723c751e8b465ee728b)
Start importing Assets/Objects/Prefabs/RoomParts/lamp.prefab using Guid(c75e7032c656ebf46b8f05aab04623b1) Importer(815301076,1909f56bfc062723c751e8b465ee728b)  -> (artifact id: '1d221cb723ba735a5f4ad712d932d1b6') in 0.020143 seconds
  Import took 0.028153 seconds .

========================================================================
Received Import Request.
  Time since last request: 8.483123 seconds.
  path: Assets/Objects/Prefabs/RoomParts/lamp.prefab
  artifactKey: Guid(c75e7032c656ebf46b8f05aab04623b1) Importer(815301076,1909f56bfc062723c751e8b465ee728b)
Start importing Assets/Objects/Prefabs/RoomParts/lamp.prefab using Guid(c75e7032c656ebf46b8f05aab04623b1) Importer(815301076,1909f56bfc062723c751e8b465ee728b)  -> (artifact id: 'bb97ecaa95dd28dfb4870a3eb2557a20') in 0.016761 seconds
  Import took 0.025168 seconds .

AssetImportWorkerClient::OnTransportError - code=2 error=End of file
